2013/05/13 11:25:12 [error] [php] date(): It is not safe to rely on the system's timezone settings. You are *required* to use the date.timezone setting or the date_default_timezone_set() function. In case you used any of those methods and you are still getting this warning, you most likely misspelled the timezone identifier. We selected 'Asia/Chongqing' for 'CST/8.0/no DST' instead (/usr/local/apache2/htdocs/yii/demos/blog/protected/views/post/_view.php:6)
Stack trace:
#0 /usr/local/apache2/htdocs/yii/framework/web/CBaseController.php(95): PostController->renderInternal()
#1 /usr/local/apache2/htdocs/yii/framework/zii/widgets/CListView.php(281): PostController->renderFile()
#2 /usr/local/apache2/htdocs/yii/framework/zii/widgets/CBaseListView.php(160): CListView->renderItems()
#3 unknown(0): CListView->renderSection()
#4 /usr/local/apache2/htdocs/yii/framework/zii/widgets/CBaseListView.php(143): preg_replace_callback()
#5 /usr/local/apache2/htdocs/yii/framework/zii/widgets/CBaseListView.php(128): CListView->renderContent()
#6 /usr/local/apache2/htdocs/yii/framework/web/CBaseController.php(173): CListView->run()
#7 /usr/local/apache2/htdocs/yii/demos/blog/protected/views/post/index.php(9): PostController->widget()
#8 /usr/local/apache2/htdocs/yii/framework/web/CBaseController.php(126): require()
#9 /usr/local/apache2/htdocs/yii/framework/web/CBaseController.php(95): PostController->renderInternal()
#10 /usr/local/apache2/htdocs/yii/framework/web/CController.php(869): PostController->renderFile()
#11 /usr/local/apache2/htdocs/yii/framework/web/CController.php(782): PostController->renderPartial()
#12 /usr/local/apache2/htdocs/yii/demos/blog/protected/controllers/PostController.php(136): PostController->render()
#13 /usr/local/apache2/htdocs/yii/framework/web/actions/CInlineAction.php(49): PostController->actionIndex()
#14 /usr/local/apache2/htdocs/yii/framework/web/CController.php(308): CInlineAction->runWithParams()
#15 /usr/local/apache2/htdocs/yii/framework/web/filters/CFilterChain.php(133): PostController->runAction()
#16 /usr/local/apache2/htdocs/yii/framework/web/filters/CFilter.php(40): CFilterChain->run()
#17 /usr/local/apache2/htdocs/yii/framework/web/CController.php(1145): CAccessControlFilter->filter()
#18 /usr/local/apache2/htdocs/yii/framework/web/filters/CInlineFilter.php(58): PostController->filterAccessControl()
#19 /usr/local/apache2/htdocs/yii/framework/web/filters/CFilterChain.php(130): CInlineFilter->filter()
#20 /usr/local/apache2/htdocs/yii/framework/web/CController.php(291): CFilterChain->run()
#21 /usr/local/apache2/htdocs/yii/framework/web/CController.php(265): PostController->runActionWithFilters()
#22 /usr/local/apache2/htdocs/yii/framework/web/CWebApplication.php(282): PostController->run()
#23 /usr/local/apache2/htdocs/yii/framework/web/CWebApplication.php(141): CWebApplication->runController()
#24 /usr/local/apache2/htdocs/yii/framework/base/CApplication.php(169): CWebApplication->processRequest()
#25 /usr/local/apache2/htdocs/yii/demos/blog/index.php(11): CWebApplication->run()
REQUEST_URI=/yii/demos/blog/index.php
2013/05/13 11:31:56 [error] [php] date(): It is not safe to rely on the system's timezone settings. You are *required* to use the date.timezone setting or the date_default_timezone_set() function. In case you used any of those methods and you are still getting this warning, you most likely misspelled the timezone identifier. We selected 'Asia/Chongqing' for 'CST/8.0/no DST' instead (/usr/local/apache2/htdocs/yii/demos/blog/protected/views/post/_view.php:6)
Stack trace:
#0 /usr/local/apache2/htdocs/yii/framework/web/CBaseController.php(95): PostController->renderInternal()
#1 /usr/local/apache2/htdocs/yii/framework/zii/widgets/CListView.php(281): PostController->renderFile()
#2 /usr/local/apache2/htdocs/yii/framework/zii/widgets/CBaseListView.php(160): CListView->renderItems()
#3 unknown(0): CListView->renderSection()
#4 /usr/local/apache2/htdocs/yii/framework/zii/widgets/CBaseListView.php(143): preg_replace_callback()
#5 /usr/local/apache2/htdocs/yii/framework/zii/widgets/CBaseListView.php(128): CListView->renderContent()
#6 /usr/local/apache2/htdocs/yii/framework/web/CBaseController.php(173): CListView->run()
#7 /usr/local/apache2/htdocs/yii/demos/blog/protected/views/post/index.php(9): PostController->widget()
#8 /usr/local/apache2/htdocs/yii/framework/web/CBaseController.php(126): require()
#9 /usr/local/apache2/htdocs/yii/framework/web/CBaseController.php(95): PostController->renderInternal()
#10 /usr/local/apache2/htdocs/yii/framework/web/CController.php(869): PostController->renderFile()
#11 /usr/local/apache2/htdocs/yii/framework/web/CController.php(782): PostController->renderPartial()
#12 /usr/local/apache2/htdocs/yii/demos/blog/protected/controllers/PostController.php(136): PostController->render()
#13 /usr/local/apache2/htdocs/yii/framework/web/actions/CInlineAction.php(49): PostController->actionIndex()
#14 /usr/local/apache2/htdocs/yii/framework/web/CController.php(308): CInlineAction->runWithParams()
#15 /usr/local/apache2/htdocs/yii/framework/web/filters/CFilterChain.php(133): PostController->runAction()
#16 /usr/local/apache2/htdocs/yii/framework/web/filters/CFilter.php(40): CFilterChain->run()
#17 /usr/local/apache2/htdocs/yii/framework/web/CController.php(1145): CAccessControlFilter->filter()
#18 /usr/local/apache2/htdocs/yii/framework/web/filters/CInlineFilter.php(58): PostController->filterAccessControl()
#19 /usr/local/apache2/htdocs/yii/framework/web/filters/CFilterChain.php(130): CInlineFilter->filter()
#20 /usr/local/apache2/htdocs/yii/framework/web/CController.php(291): CFilterChain->run()
#21 /usr/local/apache2/htdocs/yii/framework/web/CController.php(265): PostController->runActionWithFilters()
#22 /usr/local/apache2/htdocs/yii/framework/web/CWebApplication.php(282): PostController->run()
#23 /usr/local/apache2/htdocs/yii/framework/web/CWebApplication.php(141): CWebApplication->runController()
#24 /usr/local/apache2/htdocs/yii/framework/base/CApplication.php(169): CWebApplication->processRequest()
#25 /usr/local/apache2/htdocs/yii/demos/blog/index.php(11): CWebApplication->run()
REQUEST_URI=/yii/demos/blog/index.php
2013/05/13 11:32:01 [error] [php] date(): It is not safe to rely on the system's timezone settings. You are *required* to use the date.timezone setting or the date_default_timezone_set() function. In case you used any of those methods and you are still getting this warning, you most likely misspelled the timezone identifier. We selected 'Asia/Chongqing' for 'CST/8.0/no DST' instead (/usr/local/apache2/htdocs/yii/demos/blog/protected/views/layouts/main.php:47)
Stack trace:
#0 /usr/local/apache2/htdocs/yii/framework/web/CBaseController.php(95): SiteController->renderInternal()
#1 /usr/local/apache2/htdocs/yii/framework/web/widgets/CContentDecorator.php(76): SiteController->renderFile()
#2 /usr/local/apache2/htdocs/yii/framework/web/widgets/CContentDecorator.php(54): CContentDecorator->decorate()
#3 /usr/local/apache2/htdocs/yii/framework/web/widgets/COutputProcessor.php(44): CContentDecorator->processOutput()
#4 /usr/local/apache2/htdocs/yii/framework/web/CBaseController.php(206): CContentDecorator->run()
#5 /usr/local/apache2/htdocs/yii/framework/web/CBaseController.php(300): SiteController->endWidget()
#6 /usr/local/apache2/htdocs/yii/demos/blog/protected/views/layouts/column1.php(7): SiteController->endContent()
#7 /usr/local/apache2/htdocs/yii/framework/web/CBaseController.php(126): require()
#8 /usr/local/apache2/htdocs/yii/framework/web/CBaseController.php(95): SiteController->renderInternal()
#9 /usr/local/apache2/htdocs/yii/framework/web/CController.php(784): SiteController->renderFile()
#10 /usr/local/apache2/htdocs/yii/framework/web/actions/CViewAction.php(140): SiteController->render()
#11 /usr/local/apache2/htdocs/yii/framework/web/actions/CAction.php(76): CViewAction->run()
#12 /usr/local/apache2/htdocs/yii/framework/web/CController.php(308): CViewAction->runWithParams()
#13 /usr/local/apache2/htdocs/yii/framework/web/CController.php(286): SiteController->runAction()
#14 /usr/local/apache2/htdocs/yii/framework/web/CController.php(265): SiteController->runActionWithFilters()
#15 /usr/local/apache2/htdocs/yii/framework/web/CWebApplication.php(282): SiteController->run()
#16 /usr/local/apache2/htdocs/yii/framework/web/CWebApplication.php(141): CWebApplication->runController()
#17 /usr/local/apache2/htdocs/yii/framework/base/CApplication.php(169): CWebApplication->processRequest()
#18 /usr/local/apache2/htdocs/yii/demos/blog/index.php(11): CWebApplication->run()
REQUEST_URI=/yii/demos/blog/index.php/site/page?view=about
2013/05/13 11:32:03 [error] [php] date(): It is not safe to rely on the system's timezone settings. You are *required* to use the date.timezone setting or the date_default_timezone_set() function. In case you used any of those methods and you are still getting this warning, you most likely misspelled the timezone identifier. We selected 'Asia/Chongqing' for 'CST/8.0/no DST' instead (/usr/local/apache2/htdocs/yii/demos/blog/protected/views/layouts/main.php:47)
Stack trace:
#0 /usr/local/apache2/htdocs/yii/framework/web/CBaseController.php(95): SiteController->renderInternal()
#1 /usr/local/apache2/htdocs/yii/framework/web/widgets/CContentDecorator.php(76): SiteController->renderFile()
#2 /usr/local/apache2/htdocs/yii/framework/web/widgets/CContentDecorator.php(54): CContentDecorator->decorate()
#3 /usr/local/apache2/htdocs/yii/framework/web/widgets/COutputProcessor.php(44): CContentDecorator->processOutput()
#4 /usr/local/apache2/htdocs/yii/framework/web/CBaseController.php(206): CContentDecorator->run()
#5 /usr/local/apache2/htdocs/yii/framework/web/CBaseController.php(300): SiteController->endWidget()
#6 /usr/local/apache2/htdocs/yii/demos/blog/protected/views/layouts/column1.php(7): SiteController->endContent()
#7 /usr/local/apache2/htdocs/yii/framework/web/CBaseController.php(126): require()
#8 /usr/local/apache2/htdocs/yii/framework/web/CBaseController.php(95): SiteController->renderInternal()
#9 /usr/local/apache2/htdocs/yii/framework/web/CController.php(784): SiteController->renderFile()
#10 /usr/local/apache2/htdocs/yii/demos/blog/protected/controllers/SiteController.php(57): SiteController->render()
#11 /usr/local/apache2/htdocs/yii/framework/web/actions/CInlineAction.php(49): SiteController->actionContact()
#12 /usr/local/apache2/htdocs/yii/framework/web/CController.php(308): CInlineAction->runWithParams()
#13 /usr/local/apache2/htdocs/yii/framework/web/CController.php(286): SiteController->runAction()
#14 /usr/local/apache2/htdocs/yii/framework/web/CController.php(265): SiteController->runActionWithFilters()
#15 /usr/local/apache2/htdocs/yii/framework/web/CWebApplication.php(282): SiteController->run()
#16 /usr/local/apache2/htdocs/yii/framework/web/CWebApplication.php(141): CWebApplication->runController()
#17 /usr/local/apache2/htdocs/yii/framework/base/CApplication.php(169): CWebApplication->processRequest()
#18 /usr/local/apache2/htdocs/yii/demos/blog/index.php(11): CWebApplication->run()
REQUEST_URI=/yii/demos/blog/index.php/site/contact
2013/05/13 11:49:23 [error] [php] date(): It is not safe to rely on the system's timezone settings. You are *required* to use the date.timezone setting or the date_default_timezone_set() function. In case you used any of those methods and you are still getting this warning, you most likely misspelled the timezone identifier. We selected 'Asia/Chongqing' for 'CST/8.0/no DST' instead (/usr/local/apache2/htdocs/yii/demos/blog/protected/views/layouts/main.php:47)
Stack trace:
#0 /usr/local/apache2/htdocs/yii/framework/web/CBaseController.php(95): SiteController->renderInternal()
#1 /usr/local/apache2/htdocs/yii/framework/web/widgets/CContentDecorator.php(76): SiteController->renderFile()
#2 /usr/local/apache2/htdocs/yii/framework/web/widgets/CContentDecorator.php(54): CContentDecorator->decorate()
#3 /usr/local/apache2/htdocs/yii/framework/web/widgets/COutputProcessor.php(44): CContentDecorator->processOutput()
#4 /usr/local/apache2/htdocs/yii/framework/web/CBaseController.php(206): CContentDecorator->run()
#5 /usr/local/apache2/htdocs/yii/framework/web/CBaseController.php(300): SiteController->endWidget()
#6 /usr/local/apache2/htdocs/yii/demos/blog/protected/views/layouts/column1.php(7): SiteController->endContent()
#7 /usr/local/apache2/htdocs/yii/framework/web/CBaseController.php(126): require()
#8 /usr/local/apache2/htdocs/yii/framework/web/CBaseController.php(95): SiteController->renderInternal()
#9 /usr/local/apache2/htdocs/yii/framework/web/CController.php(784): SiteController->renderFile()
#10 /usr/local/apache2/htdocs/yii/framework/web/actions/CViewAction.php(140): SiteController->render()
#11 /usr/local/apache2/htdocs/yii/framework/web/actions/CAction.php(76): CViewAction->run()
#12 /usr/local/apache2/htdocs/yii/framework/web/CController.php(308): CViewAction->runWithParams()
#13 /usr/local/apache2/htdocs/yii/framework/web/CController.php(286): SiteController->runAction()
#14 /usr/local/apache2/htdocs/yii/framework/web/CController.php(265): SiteController->runActionWithFilters()
#15 /usr/local/apache2/htdocs/yii/framework/web/CWebApplication.php(282): SiteController->run()
#16 /usr/local/apache2/htdocs/yii/framework/web/CWebApplication.php(141): CWebApplication->runController()
#17 /usr/local/apache2/htdocs/yii/framework/base/CApplication.php(169): CWebApplication->processRequest()
#18 /usr/local/apache2/htdocs/yii/demos/blog/index.php(11): CWebApplication->run()
REQUEST_URI=/yii/demos/blog/index.php/site/page?view=about
2013/05/13 11:49:24 [error] [php] date(): It is not safe to rely on the system's timezone settings. You are *required* to use the date.timezone setting or the date_default_timezone_set() function. In case you used any of those methods and you are still getting this warning, you most likely misspelled the timezone identifier. We selected 'Asia/Chongqing' for 'CST/8.0/no DST' instead (/usr/local/apache2/htdocs/yii/demos/blog/protected/views/post/_view.php:6)
Stack trace:
#0 /usr/local/apache2/htdocs/yii/framework/web/CBaseController.php(95): PostController->renderInternal()
#1 /usr/local/apache2/htdocs/yii/framework/zii/widgets/CListView.php(281): PostController->renderFile()
#2 /usr/local/apache2/htdocs/yii/framework/zii/widgets/CBaseListView.php(160): CListView->renderItems()
#3 unknown(0): CListView->renderSection()
#4 /usr/local/apache2/htdocs/yii/framework/zii/widgets/CBaseListView.php(143): preg_replace_callback()
#5 /usr/local/apache2/htdocs/yii/framework/zii/widgets/CBaseListView.php(128): CListView->renderContent()
#6 /usr/local/apache2/htdocs/yii/framework/web/CBaseController.php(173): CListView->run()
#7 /usr/local/apache2/htdocs/yii/demos/blog/protected/views/post/index.php(9): PostController->widget()
#8 /usr/local/apache2/htdocs/yii/framework/web/CBaseController.php(126): require()
#9 /usr/local/apache2/htdocs/yii/framework/web/CBaseController.php(95): PostController->renderInternal()
#10 /usr/local/apache2/htdocs/yii/framework/web/CController.php(869): PostController->renderFile()
#11 /usr/local/apache2/htdocs/yii/framework/web/CController.php(782): PostController->renderPartial()
#12 /usr/local/apache2/htdocs/yii/demos/blog/protected/controllers/PostController.php(136): PostController->render()
#13 /usr/local/apache2/htdocs/yii/framework/web/actions/CInlineAction.php(49): PostController->actionIndex()
#14 /usr/local/apache2/htdocs/yii/framework/web/CController.php(308): CInlineAction->runWithParams()
#15 /usr/local/apache2/htdocs/yii/framework/web/filters/CFilterChain.php(133): PostController->runAction()
#16 /usr/local/apache2/htdocs/yii/framework/web/filters/CFilter.php(40): CFilterChain->run()
#17 /usr/local/apache2/htdocs/yii/framework/web/CController.php(1145): CAccessControlFilter->filter()
#18 /usr/local/apache2/htdocs/yii/framework/web/filters/CInlineFilter.php(58): PostController->filterAccessControl()
#19 /usr/local/apache2/htdocs/yii/framework/web/filters/CFilterChain.php(130): CInlineFilter->filter()
#20 /usr/local/apache2/htdocs/yii/framework/web/CController.php(291): CFilterChain->run()
#21 /usr/local/apache2/htdocs/yii/framework/web/CController.php(265): PostController->runActionWithFilters()
#22 /usr/local/apache2/htdocs/yii/framework/web/CWebApplication.php(282): PostController->run()
#23 /usr/local/apache2/htdocs/yii/framework/web/CWebApplication.php(141): CWebApplication->runController()
#24 /usr/local/apache2/htdocs/yii/framework/base/CApplication.php(169): CWebApplication->processRequest()
#25 /usr/local/apache2/htdocs/yii/demos/blog/index.php(11): CWebApplication->run()
REQUEST_URI=/yii/demos/blog/index.php
2013/08/29 09:07:05 [error] [php] date(): It is not safe to rely on the system's timezone settings. You are *required* to use the date.timezone setting or the date_default_timezone_set() function. In case you used any of those methods and you are still getting this warning, you most likely misspelled the timezone identifier. We selected 'Asia/Chongqing' for 'CST/8.0/no DST' instead (/usr/local/apache2/htdocs/yii/demos/blog/protected/views/post/_view.php:6)
Stack trace:
#0 /usr/local/apache2/htdocs/yii/framework/web/CBaseController.php(95): PostController->renderInternal()
#1 /usr/local/apache2/htdocs/yii/framework/zii/widgets/CListView.php(281): PostController->renderFile()
#2 /usr/local/apache2/htdocs/yii/framework/zii/widgets/CBaseListView.php(160): CListView->renderItems()
#3 unknown(0): CListView->renderSection()
#4 /usr/local/apache2/htdocs/yii/framework/zii/widgets/CBaseListView.php(143): preg_replace_callback()
#5 /usr/local/apache2/htdocs/yii/framework/zii/widgets/CBaseListView.php(128): CListView->renderContent()
#6 /usr/local/apache2/htdocs/yii/framework/web/CBaseController.php(173): CListView->run()
#7 /usr/local/apache2/htdocs/yii/demos/blog/protected/views/post/index.php(9): PostController->widget()
#8 /usr/local/apache2/htdocs/yii/framework/web/CBaseController.php(126): require()
#9 /usr/local/apache2/htdocs/yii/framework/web/CBaseController.php(95): PostController->renderInternal()
#10 /usr/local/apache2/htdocs/yii/framework/web/CController.php(869): PostController->renderFile()
#11 /usr/local/apache2/htdocs/yii/framework/web/CController.php(782): PostController->renderPartial()
#12 /usr/local/apache2/htdocs/yii/demos/blog/protected/controllers/PostController.php(136): PostController->render()
#13 /usr/local/apache2/htdocs/yii/framework/web/actions/CInlineAction.php(49): PostController->actionIndex()
#14 /usr/local/apache2/htdocs/yii/framework/web/CController.php(308): CInlineAction->runWithParams()
#15 /usr/local/apache2/htdocs/yii/framework/web/filters/CFilterChain.php(133): PostController->runAction()
#16 /usr/local/apache2/htdocs/yii/framework/web/filters/CFilter.php(40): CFilterChain->run()
#17 /usr/local/apache2/htdocs/yii/framework/web/CController.php(1145): CAccessControlFilter->filter()
#18 /usr/local/apache2/htdocs/yii/framework/web/filters/CInlineFilter.php(58): PostController->filterAccessControl()
#19 /usr/local/apache2/htdocs/yii/framework/web/filters/CFilterChain.php(130): CInlineFilter->filter()
#20 /usr/local/apache2/htdocs/yii/framework/web/CController.php(291): CFilterChain->run()
#21 /usr/local/apache2/htdocs/yii/framework/web/CController.php(265): PostController->runActionWithFilters()
#22 /usr/local/apache2/htdocs/yii/framework/web/CWebApplication.php(282): PostController->run()
#23 /usr/local/apache2/htdocs/yii/framework/web/CWebApplication.php(141): CWebApplication->runController()
#24 /usr/local/apache2/htdocs/yii/framework/base/CApplication.php(169): CWebApplication->processRequest()
#25 /usr/local/apache2/htdocs/yii/demos/blog/index.php(11): CWebApplication->run()
REQUEST_URI=/yii/demos/blog/index.php
2013/09/14 14:53:19 [error] [php] date(): It is not safe to rely on the system's timezone settings. You are *required* to use the date.timezone setting or the date_default_timezone_set() function. In case you used any of those methods and you are still getting this warning, you most likely misspelled the timezone identifier. We selected 'Asia/Chongqing' for 'CST/8.0/no DST' instead (/usr/local/apache2/htdocs/yii/demos/blog/protected/views/post/_view.php:6)
Stack trace:
#0 /usr/local/apache2/htdocs/yii/framework/web/CBaseController.php(95): PostController->renderInternal()
#1 /usr/local/apache2/htdocs/yii/framework/zii/widgets/CListView.php(281): PostController->renderFile()
#2 /usr/local/apache2/htdocs/yii/framework/zii/widgets/CBaseListView.php(160): CListView->renderItems()
#3 unknown(0): CListView->renderSection()
#4 /usr/local/apache2/htdocs/yii/framework/zii/widgets/CBaseListView.php(143): preg_replace_callback()
#5 /usr/local/apache2/htdocs/yii/framework/zii/widgets/CBaseListView.php(128): CListView->renderContent()
#6 /usr/local/apache2/htdocs/yii/framework/web/CBaseController.php(173): CListView->run()
#7 /usr/local/apache2/htdocs/yii/demos/blog/protected/views/post/index.php(9): PostController->widget()
#8 /usr/local/apache2/htdocs/yii/framework/web/CBaseController.php(126): require()
#9 /usr/local/apache2/htdocs/yii/framework/web/CBaseController.php(95): PostController->renderInternal()
#10 /usr/local/apache2/htdocs/yii/framework/web/CController.php(869): PostController->renderFile()
#11 /usr/local/apache2/htdocs/yii/framework/web/CController.php(782): PostController->renderPartial()
#12 /usr/local/apache2/htdocs/yii/demos/blog/protected/controllers/PostController.php(136): PostController->render()
#13 /usr/local/apache2/htdocs/yii/framework/web/actions/CInlineAction.php(49): PostController->actionIndex()
#14 /usr/local/apache2/htdocs/yii/framework/web/CController.php(308): CInlineAction->runWithParams()
#15 /usr/local/apache2/htdocs/yii/framework/web/filters/CFilterChain.php(133): PostController->runAction()
#16 /usr/local/apache2/htdocs/yii/framework/web/filters/CFilter.php(40): CFilterChain->run()
#17 /usr/local/apache2/htdocs/yii/framework/web/CController.php(1145): CAccessControlFilter->filter()
#18 /usr/local/apache2/htdocs/yii/framework/web/filters/CInlineFilter.php(58): PostController->filterAccessControl()
#19 /usr/local/apache2/htdocs/yii/framework/web/filters/CFilterChain.php(130): CInlineFilter->filter()
#20 /usr/local/apache2/htdocs/yii/framework/web/CController.php(291): CFilterChain->run()
#21 /usr/local/apache2/htdocs/yii/framework/web/CController.php(265): PostController->runActionWithFilters()
#22 /usr/local/apache2/htdocs/yii/framework/web/CWebApplication.php(282): PostController->run()
#23 /usr/local/apache2/htdocs/yii/framework/web/CWebApplication.php(141): CWebApplication->runController()
#24 /usr/local/apache2/htdocs/yii/framework/base/CApplication.php(169): CWebApplication->processRequest()
#25 /usr/local/apache2/htdocs/yii/demos/blog/index.php(11): CWebApplication->run()
REQUEST_URI=/yii/demos/blog/index.php
